0 info it worked if it ends with ok
1 verbose cli [ 'C:\\Program Files (x86)\\nodejs\\node.exe',
1 verbose cli   'C:\\Program Files (x86)\\nodejs\\node_modules\\npm\\bin\\npm-cli.js',
1 verbose cli   'run',
1 verbose cli   'dev' ]
2 info using npm@4.1.2
3 info using node@v7.7.2
4 verbose run-script [ 'predev', 'dev', 'postdev' ]
5 info lifecycle client_labs@1.0.0~predev: client_labs@1.0.0
6 silly lifecycle client_labs@1.0.0~predev: no script for predev, continuing
7 info lifecycle client_labs@1.0.0~dev: client_labs@1.0.0
8 verbose lifecycle client_labs@1.0.0~dev: unsafe-perm in lifecycle true
9 verbose lifecycle client_labs@1.0.0~dev: PATH: C:\Program Files (x86)\nodejs\node_modules\npm\bin\node-gyp-bin;C:\xampp\htdocs\Labs\client_labs\node_modules\.bin;C:\Programmi\cmder\bin;C:\Programmi\cmder\vendor\conemu-maximus5\ConEmu\Scripts;C:\Programmi\cmder\bin;C:\Programmi\cmder\vendor\conemu-maximus5\ConEmu\Scripts;C:\Programmi\cmder\bin;C:\Programmi\cmder\vendor\conemu-maximus5\ConEmu\Scripts;C:\Programmi\cmder\vendor\conemu-maximus5;C:\Programmi\cmder\vendor\conemu-maximus5\ConEmu;C:\Program Files (x86)\ActiveState Komodo IDE 9\;C:\ProgramData\Oracle\Java\javapath;C:\WINDOWS\system32;C:\WINDOWS;C:\WINDOWS\System32\Wbem;C:\WINDOWS\System32\WindowsPowerShell\v1.0\;C:\Program Files\Microsoft SQL Server\110\Tools\Binn\;C:\Program Files (x86)\Microsoft SDKs\TypeScript\1.0\;C:\Program Files\Microsoft SQL Server\120\Tools\Binn\;C:\Program Files (x86)\Skype\Phone\;C:\Program Files (x86)\MySQL\MySQL Fabric 1.5 & MySQL Utilities 1.5\;C:\Program Files (x86)\MySQL\MySQL Fabric 1.5 & MySQL Utilities 1.5\Doctrine extensions for PHP\;C:\xampp\php;C:\ProgramData\ComposerSetup\bin;C:\WINDOWS\system32\config\systemprofile\.dnx\bin;C:\Program Files\Microsoft DNX\Dnvm\;C:\Program Files\Microsoft SQL Server\130\Tools\Binn\;C:\Program Files (x86)\Microsoft Emulator Manager\1.0\;C:\Program Files\Git\cmd;C:\Program Files (x86)\Windows Kits\10\Windows Performance Toolkit\;C:\Program Files\Microsoft SQL Server\120\DTS\Binn\;C:\Program Files\Microsoft SQL Server\Client SDK\ODBC\110\Tools\Binn\;C:\Program Files (x86)\Microsoft SQL Server\120\Tools\Binn\;C:\Program Files (x86)\Microsoft SQL Server\120\Tools\Binn\ManagementStudio\;C:\Program Files (x86)\Microsoft SQL Server\120\DTS\Binn\;C:\Program Files (x86)\Yarn\bin;C:\Program Files\Sublime Text 3;C:\Program Files (x86)\Atom Installer;C:\Program Files (x86)\nodejs\;C:\Users\alexf\AppData\Roaming\Composer\vendor\bin;C:\Users\alexf\AppData\Local\Microsoft\WindowsApps;C:\Users\alexf\AppData\Local\atom\bin;C:\Users\alexf\AppData\Local\Yarn\.bin;C:\Users\alexf\AppData\Roaming\npm;%USERPROFILE%\AppData\Local\Microsoft\WindowsApps;;C:\Program Files\Git\usr\bin;C:\Program Files\Git\usr\share\vim\vim74;C:\Programmi\cmder\;C:\Program Files\Git\usr\bin;C:\Program Files\Git\usr\share\vim\vim74;C:\Programmi\cmder\;C:\Program Files\Git\usr\bin;C:\Program Files\Git\usr\share\vim\vim74;C:\Programmi\cmder\
10 verbose lifecycle client_labs@1.0.0~dev: CWD: C:\xampp\htdocs\Labs\client_labs
11 silly lifecycle client_labs@1.0.0~dev: Args: [ '/d /s /c', 'node build/dev-server.js' ]
12 silly lifecycle client_labs@1.0.0~dev: Returned: code: 1  signal: null
13 info lifecycle client_labs@1.0.0~dev: Failed to exec dev script
14 verbose stack Error: client_labs@1.0.0 dev: `node build/dev-server.js`
14 verbose stack Exit status 1
14 verbose stack     at EventEmitter.<anonymous> (C:\Program Files (x86)\nodejs\node_modules\npm\lib\utils\lifecycle.js:279:16)
14 verbose stack     at emitTwo (events.js:106:13)
14 verbose stack     at EventEmitter.emit (events.js:194:7)
14 verbose stack     at ChildProcess.<anonymous> (C:\Program Files (x86)\nodejs\node_modules\npm\lib\utils\spawn.js:40:14)
14 verbose stack     at emitTwo (events.js:106:13)
14 verbose stack     at ChildProcess.emit (events.js:194:7)
14 verbose stack     at maybeClose (internal/child_process.js:899:16)
14 verbose stack     at Process.ChildProcess._handle.onexit (internal/child_process.js:226:5)
15 verbose pkgid client_labs@1.0.0
16 verbose cwd C:\xampp\htdocs\Labs\client_labs
17 error Windows_NT 10.0.15063
18 error argv "C:\\Program Files (x86)\\nodejs\\node.exe" "C:\\Program Files (x86)\\nodejs\\node_modules\\npm\\bin\\npm-cli.js" "run" "dev"
19 error node v7.7.2
20 error npm  v4.1.2
21 error code ELIFECYCLE
22 error client_labs@1.0.0 dev: `node build/dev-server.js`
22 error Exit status 1
23 error Failed at the client_labs@1.0.0 dev script 'node build/dev-server.js'.
23 error Make sure you have the latest version of node.js and npm installed.
23 error If you do, this is most likely a problem with the client_labs package,
23 error not with npm itself.
23 error Tell the author that this fails on your system:
23 error     node build/dev-server.js
23 error You can get information on how to open an issue for this project with:
23 error     npm bugs client_labs
23 error Or if that isn't available, you can get their info via:
23 error     npm owner ls client_labs
23 error There is likely additional logging output above.
24 verbose exit [ 1, true ]
